12:48:12.362 [main] INFO  base.BaseTest -  END OF TEST: verifyInvalidLoginScenarios
12:48:12.370 [main] INFO  base.BaseTest - ----------------------------------------------------

12:48:12.376 [main] INFO  base.BaseTest - 🚀 Launching Appium driver for test method: verifyInvalidLoginScenarios
12:48:17.437 [main] INFO  base.BaseTest - ✅ Driver launched and Extent test node created for: verifyInvalidLoginScenarios
12:48:17.442 [main] INFO  testCases.M01_LoginTests - ===== Initializing LoginPage =====
12:48:17.443 [main] INFO  testCases.M01_LoginTests - ✅ LoginPage initialized successfully
12:48:17.450 [main] INFO  testCases.M01_LoginTests - ===== START: Testing invalid login scenario - TC008 - Long username (Assumed) =====
12:48:17.450 [main] INFO  testCases.M01_LoginTests - Entering username: 'thisisaverylongusernameexceedinglimit'
12:48:20.728 [main] INFO  testCases.M01_LoginTests - Entering password: ''
12:48:22.236 [main] INFO  testCases.M01_LoginTests - Clicking login button
12:48:22.858 [main] INFO  testCases.M01_LoginTests - Validating response for scenario: TC008 - Long username (Assumed)
12:48:33.208 [main] INFO  base.BaseTest - ====================================================
12:48:33.208 [main] INFO  base.BaseTest -  STARTING TEST: verifyInvalidLoginScenarios
12:48:33.208 [main] INFO  base.BaseTest - ====================================================
12:48:34.214 [main] INFO  utils.ScreenshotUtil - [Screenshot] Saved: C:\Users\ASUS\IdeaProjects\aanandraj-multipurpose-automation/screenshots/2026-04-19/verifyInvalidLoginScenarios_124834.png
12:48:34.215 [main] ERROR base.BaseTest - ❌ FAILED: verifyInvalidLoginScenarios | Device: null
12:48:34.215 [main] INFO  base.BaseTest - 🛑 Quitting Appium driver after test method: verifyInvalidLoginScenarios
12:48:34.738 [main] INFO  base.BaseTest - ----------------------------------------------------
12:48:34.738 [main] INFO  base.BaseTest -  END OF TEST: verifyInvalidLoginScenarios
12:48:34.738 [main] INFO  base.BaseTest - ----------------------------------------------------

